N: 1000, M: 1000
158  814  0  19
868  309  1  20
668  373  1  20
254  43  2  21
693  134  3  22
633  428  3  22
864  202  4  23
583  192  5  24
639  549  6  25
396  90  6  25
297  869  8  27
819  916  9  28
171  54  10  29
249  574  10  29
637  749  13  32
195  536  14  33
564  63  14  33
71  725  14  33
870  321  15  34
13  771  15  34
328  240  15  34
589  27  15  34
883  17  15  34
417  598  16  35
368  86  16  35
886  830  16  35
785  413  16  35
262  45  17  36
933  648  17  36
835  324  18  37
229  512  18  37
229  786  18  37
526  216  18  37
937  506  19  38
26  20  19  38
876  444  19  38
512  786  20  39
183  92  20  39
202  908  20  39
711  889  20  39
404  584  21  40
518  164  21  40
346  858  23  42
394  949  23  42
55  299  23  42
313  294  24  43
482  494  24  43
51  701  24  43
51  645  24  43
393  577  24  43
413  991  24  43
891  533  24  43
140  995  24  43
987  951  24  43
671  189  24  43
622  550  24  43
131  550  24  43
121  584  24  43
396  450  24  43
732  509  24  43
893  179  25  44
295  89  25  44
535  596  25  44
131  622  25  44
649  561  25  44
448  716  25  44
883  16  25  44
810  214  26  45
641  459  26  45
107  814  26  45
381  993  26  45
702  932  27  46
751  932  27  46
384  903  27  46
700  910  27  46
183  708  27  46
933  715  27  46
915  245  27  46
24  893  27  46
363  293  27  46
685  921  27  46
617  712  28  47
681  56  28  47
967  934  28  47
63  14  28  47
559  980  28  47
911  232  28  47
619  232  28  47
909  918  28  47
469  730  28  47
790  931  28  47
592  891  28  47
30  655  28  47
786  417  28  47
756  818  28  47
99  111  28  47
429  925  28  47
365  718  28  47
862  250  28  47
904  630  28  47
158  219  28  47
709  707  28  47
334  680  28  47
479  135  28  47
956  984  29  48
927  252  29  48
605  696  29  48
367  405  29  48
597  352  29  48
702  751  29  48
355  46  29  48
440  974  29  48
388  205  29  48
108  928  29  48
474  599  29  48
188  782  30  49
188  885  30  49
202  183  30  49
911  619  30  49
17  149  30  49
2  216  30  49
606  343  30  49
289  437  30  49
366  997  30  49
717  877  30  49
968  688  30  49
645  701  31  50
637  929  31  50
656  501  31  50
593  362  31  50
261  79  31  50
885  782  31  50
548  586  31  50
844  861  31  50
370  290  33  52
114  830  33  52
627  537  33  52
938  25  34  53
515  738  35  54
112  272  35  54
654  502  37  56
543  298  37  56
689  175  38  57
476  454  39  58
4  498  39  58
895  31  40  59
552  349  41  60
874  938  42  61
910  594  44  63
471  586  44  63
344  376  44  63
712  839  45  64
609  325  45  64
677  572  45  64
7  811  48  67
210  530  49  68
811  892  49  68
80  116  50  69
600  836  50  69
704  626  51  70
564  263  51  70
433  980  51  70
935  141  51  70
286  106  52  71
412  916  52  71
688  578  53  72
760  626  54  73
354  512  54  73
858  780  56  75
493  585  57  76
816  406  57  76
696  905  57  76
34  523  57  76
846  805  58  77
142  486  58  77
282  828  60  79
391  865  60  79
925  134  60  79
740  870  60  79
875  238  61  80
769  963  61  80
848  890  62  81
709  949  62  81
868  644  63  82
645  272  64  83
378  430  65  84
782  325  65  84
241  872  65  84
270  685  65  84
752  100  66  85
500  160  66  85
825  997  66  85
98  731  72  91
643  6  72  91
792  85  74  93
179  50  74  93
162  535  75  94
619  74  76  95
307  548  76  95
25  519  77  96
529  188  77  96
386  847  78  97
263  604  78  97
276  400  81  100
769  843  82  101
771  886  83  102
268  586  84  103
397  148  84  103
590  625  85  104
281  344  86  105
281  744  86  105
281  376  86  105
615  360  86  105
280  591  86  105
532  471  86  105
633  428  86  105
51  562  87  106
744  344  87  106
744  376  87  106
344  376  88  107
322  512  89  108
13  771  89  108
140  995  89  108
280  844  90  109
730  240  90  109
730  328  90  109
665  603  91  110
864  202  92  111
73  312  94  113
793  240  94  113
793  328  94  113
948  869  94  113
800  996  95  114
842  416  96  115
528  242  96  115
962  856  96  115
102  618  98  117
116  80  98  117
88  229  98  117
580  229  98  117
705  229  98  117
908  737  98  117
590  141  98  117
639  549  98  117
895  31  99  118
155  207  99  118
975  448  99  118
560  811  99  118
801  231  100  119
424  62  100  119
107  283  100  119
580  88  101  120
705  88  101  120
378  430  101  120
580  705  102  121
519  840  102  121
536  195  102  121
186  752  103  122
818  787  103  122
571  794  103  122
219  573  103  122
682  784  104  123
448  262  105  124
368  86  105  124
106  809  105  124
123  224  106  125
886  114  106  125
921  200  106  125
54  755  107  126
952  829  107  126
848  890  107  126
770  710  107  126
368  737  107  126
368  362  107  126
233  401  107  126
776  30  107  126
416  932  107  126
398  415  108  127
886  343  108  127
720  439  108  127
542  176  108  127
593  176  108  127
125  55  108  127
404  198  108  127
63  530  108  127
990  315  109  128
667  315  109  128
395  56  109  128
696  605  109  128
639  538  109  128
394  855  109  128
627  908  109  128
429  631  109  128
80  631  109  128
664  665  109  128
548  577  109  128
242  815  109  128
490  568  109  128
27  619  109  128
176  368  109  128
14  449  109  128
14  707  109  128
698  347  109  128
156  448  109  128
521  384  109  128
702  192  109  128
702  814  109  128
244  83  109  128
783  320  109  128
946  320  109  128
617  614  109  128
94  750  110  129
593  542  110  129
91  348  110  129
451  573  110  129
690  398  110  129
561  398  110  129
182  662  110  129
600  559  110  129
290  559  110  129
616  354  110  129
420  340  110  129
936  197  110  129
934  882  110  129
143  592  110  129
613  536  110  129
759  742  110  129
240  328  110  129
222  262  110  129
366  705  110  129
737  362  111  130
377  432  111  130
850  789  111  130
623  755  111  130
290  600  111  130
101  665  111  130
892  714  111  130
192  814  111  130
64  842  111  130
557  11  111  130
336  239  111  130
802  202  111  130
953  863  111  130
171  863  111  130
153  738  112  131
153  515  112  131
449  707  112  131
76  376  112  131
76  344  112  131
302  43  112  131
990  667  113  132
68  217  113  132
633  261  113  132
993  591  113  132
779  791  113  132
296  537  113  132
953  171  113  132
80  429  113  132
157  991  114  133
170  913  114  133
403  418  114  133
950  272  114  133
783  946  114  133
501  320  114  133
561  690  115  134
561  503  115  134
285  145  116  135
779  163  117  136
738  515  118  137
503  690  123  142
376  344  124  143
982  284  124  143
577  884  125  144
845  975  125  144
845  324  130  149
142  491  131  150
142  486  131  150
688  11  131  150
590  625  133  152
573  961  133  152
561  835  133  152
433  252  134  153
597  17  134  153
923  517  134  153
623  235  135  154
688  442  135  154
802  718  136  155
587  633  136  155
512  433  136  155
216  530  136  155
954  199  136  155
101  451  136  155
842  888  136  155
422  999  137  156
181  758  137  156
482  458  137  156
378  430  138  157
858  780  138  157
491  486  138  157
836  43  139  158
551  391  139  158
161  705  139  158
253  578  139  158
288  979  139  158
926  403  139  158
373  403  139  158
795  609  139  158
749  232  139  158
760  67  139  158
868  997  139  158
481  166  139  158
560  427  139  158
860  427  139  158
406  834  140  159
152  464  140  159
760  250  140  159
672  843  140  159
386  175  140  159
560  575  140  159
860  575  140  159
114  575  140  159
7  468  140  159
531  468  140  159
935  141  140  159
935  887  140  159
730  75  140  159
145  38  140  159
12  129  140  159
366  825  141  160
875  954  141  160
618  102  141  160
926  373  141  160
887  141  141  160
339  119  141  160
146  106  142  161
227  575  142  161
587  583  142  161
560  860  142  161
114  860  142  161
391  950  142  161
480  243  143  162
677  784  143  162
550  92  143  162
604  603  143  162
531  7  143  162
599  459  143  162
821  707  144  163
318  400  144  163
12  93  146  165
784  153  146  165
114  560  147  166
23  390  147  166
225  308  147  166
208  255  147  166
564  263  147  166
921  39  151  170
90  224  152  171
149  30  153  172
821  316  153  172
776  507  155  174
815  492  157  176
103  342  159  178
946  433  160  179
881  267  160  179
12  428  160  179
850  353  160  179
34  325  161  180
625  945  161  180
183  744  164  183
853  464  165  184
313  82  166  185
389  433  168  187
169  387  169  188
283  480  169  188
373  996  170  189
306  528  170  189
44  13  171  190
878  666  171  190
441  112  171  190
470  339  171  190
839  437  173  192
286  873  173  192
864  979  175  194
877  73  176  195
854  764  178  197
977  990  179  198
251  808  180  199
400  496  181  200
510  950  181  200
510  7  181  200
419  198  182  201
724  677  182  201
724  798  182  201
7  72  182  201
7  950  182  201
587  74  183  202
932  899  183  202
158  122  183  202
815  151  183  202
235  68  183  202
950  72  183  202
811  877  183  202
227  475  183  202
919  374  184  203
22  752  184  203
688  121  184  203
108  180  184  203
777  811  184  203
777  658  184  203
114  811  184  203
114  658  184  203
297  626  184  203
918  984  184  203
917  481  184  203
628  310  184  203
720  237  184  203
677  798  185  204
595  763  186  205
412  871  186  205
480  625  186  205
658  811  186  205
177  46  186  205
319  60  186  205
114  777  187  206
585  675  187  206
464  486  187  206
865  399  187  206
525  948  187  206
31  895  187  206
214  162  187  206
144  164  188  207
321  377  188  207
342  312  188  207
803  309  189  208
587  93  190  209
491  46  190  209
507  365  191  210
114  950  192  211
874  952  192  211
140  995  192  211
556  19  194  213
455  863  194  213
240  328  194  213
158  814  194  213
87  644  194  213
354  512  194  213
786  512  194  213
376  344  195  214
305  926  195  214
403  972  197  216
382  807  197  216
418  372  197  216
354  786  197  216
786  229  198  217
824  62  199  218
740  753  201  220
132  31  201  220
168  975  203  222
960  308  204  223
952  862  204  223
809  106  204  223
953  889  205  224
46  810  205  224
176  92  205  224
668  996  205  224
50  179  206  225
541  258  206  225
773  852  206  225
510  271  208  227
746  593  208  227
587  109  209  228
530  645  209  228
682  797  210  229
927  252  210  229
656  559  210  229
183  864  211  230
871  393  211  230
134  966  212  231
959  629  212  231
45  624  213  232
64  323  213  232
102  226  213  232
657  674  213  232
145  389  213  232
779  791  214  233
986  985  215  234
659  436  215  234
107  794  215  234
709  855  215  234
182  133  216  235
183  761  216  235
445  616  216  235
220  519  216  235
985  16  217  236
324  845  217  236
972  619  218  237
112  530  218  237
56  246  218  237
684  885  218  237
269  365  218  237
761  703  218  237
248  502  218  237
417  130  218  237
417  500  218  237
362  368  218  237
51  647  218  237
187  665  219  238
344  526  219  238
541  943  219  238
805  203  219  238
474  599  219  238
219  743  219  238
690  415  219  238
96  120  220  239
438  972  220  239
232  972  220  239
916  567  220  239
412  567  220  239
529  609  220  239
66  728  220  239
130  500  220  239
801  812  221  240
231  812  221  240
438  232  221  240
378  1  221  240
35  547  222  241
623  511  222  241
235  511  222  241
196  345  222  241
825  253  222  241
708  368  222  241
341  301  223  242
214  244  223  242
405  440  224  243
423  828  224  243
455  824  224  243
88  229  224  243
340  445  224  243
472  21  224  243
611  443  225  244
26  316  225  244
227  560  225  244
231  801  225  244
113  369  225  244
985  687  225  244
739  837  226  245
879  16  226  245
879  962  226  245
564  263  226  245
783  512  226  245
145  512  226  245
479  142  227  246
933  880  227  246
519  25  227  246
615  360  228  247
679  434  228  247
962  16  228  247
732  669  229  248
889  224  229  248
359  325  229  248
623  235  229  248
916  412  229  248
321  444  229  248
137  649  230  249
145  783  230  249
387  169  231  250
996  668  231  250
202  2  232  251
860  427  233  252
470  703  233  252
447  220  239  258
684  166  241  260
609  523  242  261
404  817  242  261
2  304  242  261
999  531  243  262
800  614  244  263
265  740  244  263
116  80  245  264
297  767  245  264
449  164  245  264
378  430  246  265
798  159  247  266
103  176  249  268
797  423  250  269
417  360  250  269
229  38  250  269
884  221  251  270
226  982  252  271
864  82  252  271
441  402  254  273
810  451  254  273
101  451  254  273
810  101  256  275
915  632  256  275
154  184  258  277
510  431  258  277
183  82  260  279
404  677  263  282
512  786  265  284
240  328  268  287
269  695  268  287
368  86  269  288
729  740  269  288
7  950  270  289
323  818  272  291
514  665  273  292
705  582  274  293
988  530  274  293
644  680  275  294
395  607  276  295
961  520  276  295
481  904  277  296
594  904  277  296
692  326  277  296
882  363  277  296
481  594  278  297
552  349  278  297
344  376  279  298
838  960  281  300
895  31  283  302
811  114  284  303
960  308  286  305
995  140  286  305
143  771  290  309
339  674  290  309
792  815  291  310
378  430  291  310
925  492  291  310
284  982  292  311
29  331  293  312
694  759  293  312
929  641  294  313
878  357  295  314
108  892  296  315
213  705  296  315
961  129  297  316
46  233  297  316
203  95  297  316
221  997  297  316
342  599  297  316
955  403  297  316
500  730  298  317
584  345  298  317
431  833  299  318
286  106  299  318
625  921  299  318
514  603  299  318
462  151  299  318
655  292  300  319
35  677  300  319
369  387  300  319
401  471  300  319
767  84  300  319
449  566  300  319
621  4  300  319
842  398  300  319
412  916  300  319
610  521  301  320
228  3  301  320
494  900  302  321
506  572  303  322
279  499  308  327
863  689  308  327
623  235  309  328
550  92  310  329
668  996  310  329
431  472  311  330
158  903  311  330
37  101  311  330
482  917  312  331
564  263  312  331
865  278  312  331
102  618  312  331
464  152  313  332
364  13  313  332
452  801  313  332
935  141  314  333
950  440  316  335
455  601  317  336
952  862  319  338
800  784  319  338
431  664  322  341
26  779  322  341
883  533  324  343
378  430  326  345
552  480  327  346
579  984  328  347
305  926  330  349
685  199  330  349
441  402  333  352
63  476  334  353
904  801  335  354
913  331  335  354
783  946  335  354
864  82  335  354
489  113  335  354
224  889  336  355
594  964  337  356
357  649  337  356
869  697  337  356
948  697  337  356
812  843  338  357
85  18  338  357
948  869  338  357
429  408  339  358
941  4  339  358
233  517  339  358
347  238  340  359
593  627  341  360
268  155  341  360
586  155  341  360
877  902  342  361
904  122  343  362
468  912  343  362
475  74  343  362
533  74  343  362
736  425  344  363
285  604  344  363
855  801  344  363
465  861  344  363
892  74  344  363
491  753  345  364
533  475  345  364
156  240  346  365
156  328  346  365
195  536  346  365
256  738  346  365
645  629  347  366
860  629  347  366
18  106  347  366
157  605  347  366
242  528  347  366
824  53  348  367
268  586  348  367
155  577  348  367
995  140  348  367
587  109  349  368
454  720  349  368
584  976  350  369
726  768  350  369
589  74  350  369
598  142  350  369
328  240  350  369
967  558  351  370
836  445  351  370
419  198  351  370
507  365  351  370
742  275  352  371
35  225  352  371
911  471  352  371
822  659  352  371
434  390  352  371
44  114  352  371
701  645  352  371
701  860  352  371
575  777  352  371
815  363  353  372
651  972  353  372
749  709  353  372
876  444  354  373
939  483  354  373
895  31  354  373
440  768  354  373
860  645  354  373
164  592  355  374
264  631  355  374
75  469  356  375
12  875  356  375
12  238  356  375
80  925  356  375
368  86  357  376
675  462  358  377
312  510  358  377
618  917  359  378
238  875  359  378
906  527  359  378
886  364  360  379
381  993  360  379
203  840  360  379
122  394  360  379
399  121  360  379
243  442  360  379
602  115  360  379
889  711  360  379
940  687  360  379
520  214  360  379
829  71  360  379
325  359  361  380
990  526  361  380
286  873  361  380
800  614  362  381
701  44  362  381
561  937  362  381
595  64  363  382
444  344  364  383
444  376  364  383
502  499  364  383
248  949  365  384
917  102  365  384
376  344  366  385
415  398  366  385
162  943  372  391
851  89  373  392
145  775  374  393
648  274  375  394
515  738  375  394
960  308  375  394
559  994  376  395
335  475  377  396
809  242  377  396
832  597  378  397
84  911  379  398
171  863  380  399
235  623  381  400
629  959  381  400
145  783  382  401
145  512  382  401
284  982  382  401
261  79  382  401
392  733  382  401
471  532  382  401
586  155  382  401
106  286  383  402
943  541  383  402
82  802  384  403
786  61  384  403
780  858  384  403
561  896  384  403
512  783  384  403
996  668  384  403
112  364  385  404
134  897  386  405
250  188  386  405
977  279  386  405
321  584  386  405
72  296  386  405
302  487  386  405
494  525  386  405
391  777  387  406
252  43  387  406
771  114  387  406
380  717  387  406
573  215  387  406
347  304  387  406
994  775  387  406
703  269  387  406
622  131  387  406
453  419  387  406
879  655  387  406
919  870  387  406
589  418  387  406
488  406  387  406
17  69  387  406
709  855  388  407
963  309  388  407
945  413  388  407
945  193  388  407
429  925  388  407
94  750  388  407
6  831  388  407
304  337  388  407
31  665  388  407
147  549  389  408
147  408  389  408
388  205  389  408
71  97  389  408
593  737  389  408
593  368  389  408
136  419  389  408
398  305  390  409
990  667  390  409
406  745  390  409
408  549  390  409
193  413  390  409
385  817  391  410
511  299  392  411
225  735  392  411
368  737  392  411
218  444  393  412
756  24  394  413
909  661  394  413
965  576  395  414
263  564  395  414
663  20  395  414
532  535  395  414
471  268  395  414
875  633  396  415
362  864  396  415
183  864  396  415
511  70  396  415
13  364  397  416
183  362  399  418
21  357  400  419
620  992  403  422
36  61  404  423
775  88  404  423
162  268  404  423
548  589  405  424
962  16  406  425
861  644  406  425
124  915  407  426
198  119  408  427
945  223  408  427
945  625  408  427
655  652  409  428
223  625  409  428
790  951  410  429
193  534  410  429
162  535  412  431
256  787  413  432
865  391  413  432
884  221  416  435
572  800  419  438
982  102  421  440
877  902  423  442
192  583  423  442
727  683  423  442
299  978  423  442
927  598  424  443
124  849  424  443
240  328  427  446
897  124  428  447
303  214  428  447
195  536  429  448
848  883  430  449
355  74  430  449
18  809  430  449
765  995  431  450
765  140  431  450
122  213  432  451
753  155  433  452
713  406  433  452
141  611  433  452
935  611  433  452
817  892  434  453
925  80  434  453
297  948  434  453
202  737  434  453
269  627  434  453
551  981  435  454
227  950  435  454
940  939  435  454
593  507  435  454
988  425  435  454
475  757  436  455
138  588  436  455
73  342  436  455
349  552  439  458
46  491  440  459
835  9  440  459
6  28  440  459
106  873  440  459
378  638  440  459
452  904  440  459
871  964  441  460
365  255  441  460
64  989  442  461
935  141  442  461
538  781  443  462
662  97  443  462
327  353  444  463
406  870  444  463
145  798  446  465
641  459  446  465
690  503  446  465
140  995  446  465
691  483  447  466
362  718  447  466
451  810  447  466
344  376  448  467
690  952  448  467
232  544  450  469
621  802  450  469
895  31  451  470
590  237  453  472
684  486  455  474
130  837  456  475
941  660  457  476
765  256  458  477
380  422  458  477
879  619  459  478
225  718  459  478
284  982  459  478
776  202  461  480
131  632  461  480
858  780  462  481
591  856  462  481
106  286  462  481
50  169  464  483
413  991  464  483
449  806  464  483
668  996  465  484
506  585  465  484
637  929  465  484
925  80  466  485
746  202  466  485
1  197  467  486
285  393  467  486
385  138  467  486
534  554  467  486
72  928  468  487
775  88  468  487
577  310  468  487
950  886  469  488
355  778  470  489
740  870  471  490
953  977  472  491
717  92  472  491
655  140  472  491
447  220  472  491
376  344  473  492
593  202  474  493
479  66  474  493
950  860  474  493
623  235  475  494
226  982  477  496
736  392  478  497
349  571  478  497
263  564  479  498
143  886  481  500
113  489  486  505
278  284  486  505
711  649  486  505
127  885  487  506
847  506  488  507
467  799  488  507
29  87  489  508
774  308  489  508
491  652  489  508
978  730  491  510
786  871  494  513
117  85  496  515
856  680  498  517
809  339  498  517
428  633  498  517
378  796  499  518
533  74  499  518
63  155  499  518
307  197  499  518
697  869  499  518
446  942  499  518
47  259  499  518
964  871  500  519
860  950  501  520
649  357  501  520
132  990  502  521
226  284  502  521
98  543  502  521
13  771  503  522
528  659  503  522
787  940  503  522
556  655  503  522
680  620  505  524
457  729  505  524
841  32  505  524
627  593  507  526
695  802  507  526
897  861  509  528
396  85  510  529
548  883  510  529
257  303  511  530
257  451  511  530
832  699  511  530
809  286  511  530
242  528  511  530
606  768  511  530
195  536  512  531
893  132  512  531
908  695  513  532
225  677  513  532
91  81  514  533
417  786  514  533
198  419  514  533
622  92  515  534
303  451  515  534
86  368  515  534
618  803  517  536
965  752  518  537
594  964  518  537
860  701  518  537
122  949  519  538
116  125  519  538
644  693  519  538
131  877  520  539
7  950  521  540
344  683  521  540
376  683  521  540
681  506  521  540
934  443  521  540
125  383  521  540
299  210  522  541
240  331  522  541
328  331  522  541
157  358  522  541
876  444  522  541
270  529  523  542
103  312  523  542
996  395  524  543
471  911  524  543
380  260  524  543
409  28  524  543
186  287  524  543
227  241  525  544
864  82  525  544
954  661  525  544
572  371  526  545
635  113  526  545
602  785  526  545
74  589  526  545
993  381  526  545
61  229  526  545
140  995  526  545
702  932  526  545
702  751  526  545
208  432  526  545
706  126  527  546
10  101  527  546
86  593  527  546
364  886  527  546
334  680  528  547
291  928  528  547
586  577  528  547
932  751  528  547
240  328  528  547
701  645  528  547
849  125  528  547
958  496  530  549
282  466  530  549
428  131  532  551
398  415  532  551
350  770  533  552
404  198  533  552
690  503  534  553
610  312  534  553
610  342  534  553
122  165  534  553
307  335  534  553
753  604  534  553
344  376  534  553
97  990  534  553
606  143  534  553
950  143  534  553
275  410  535  554
255  737  535  554
14  289  535  554
789  831  535  554
321  218  536  555
687  791  536  555
684  970  537  556
54  650  537  556
343  592  537  556
950  606  537  556
802  610  537  556
839  20  537  556
543  123  538  557
982  284  538  557
409  685  538  557
342  312  539  558
532  652  539  558
515  738  539  558
142  486  541  560
917  499  541  560
878  232  544  563
830  364  544  563
378  430  545  564
923  233  545  564
74  619  546  565
541  444  546  565
218  444  546  565
80  116  547  566
902  542  547  566
566  741  547  566
541  218  548  567
482  790  548  567
717  550  548  567
717  622  548  567
379  592  549  568
118  795  549  568
866  595  549  568
652  178  549  568
260  327  549  568
388  392  549  568
694  225  549  568
429  80  549  568
258  566  549  568
949  709  549  568
855  709  549  568
90  678  549  568
401  596  549  568
277  251  549  568
124  52  550  569
124  978  550  569
742  132  550  569
302  161  550  569
982  618  551  570
703  507  551  570
176  131  551  570
521  15  551  570
286  106  552  571
743  815  552  571
845  324  553  572
649  123  553  572
207  14  553  572
857  643  553  572
645  950  554  573
362  593  554  573
225  128  554  573
550  622  554  573
292  538  555  574
271  422  555  574
917  166  555  574
267  881  555  574
378  769  555  574
27  972  555  574
582  160  556  575
978  52  556  575
855  949  556  575
164  894  556  575
366  825  556  575
732  819  556  575
235  623  557  576
28  304  557  576
269  510  557  576
325  34  558  577
159  431  558  577
480  243  558  577
327  73  560  579
106  918  560  579
349  571  560  579
668  996  560  579
590  625  561  580
86  82  561  580
864  82  561  580
104  401  561  580
787  694  561  580
887  935  562  581
365  627  562  581
628  744  563  582
864  86  564  583
112  886  565  584
856  997  566  585
30  883  570  589
765  993  571  590
26  954  577  596
417  949  579  598
813  325  581  600
328  240  581  600
442  981  581  600
239  961  582  601
464  368  583  602
364  864  583  602
77  838  584  603
415  834  584  603
36  606  585  604
409  733  586  605
362  950  591  610
668  996  592  611
925  264  593  612
344  376  593  612
507  365  594  613
490  394  594  613
79  3  595  614
685  930  595  614
885  438  596  615
227  701  596  615
31  895  596  615
515  738  598  617
127  161  598  617
356  95  599  618
308  960  599  618
459  850  599  618
610  936  600  619
968  785  601  620
125  579  602  621
556  324  602  621
378  430  602  621
974  491  602  621
968  306  604  623
107  924  604  623
564  263  606  625
59  580  608  627
313  290  609  628
543  254  610  629
729  181  610  629
480  243  611  630
235  623  612  631
284  982  613  632
696  656  615  634
902  877  621  640
30  178  621  640
689  190  624  643
972  619  625  644
655  30  631  650
792  645  631  650
978  172  632  651
322  155  632  651
451  810  633  652
630  5  635  654
803  852  635  654
446  372  638  657
333  988  638  657
817  32  639  658
506  937  639  658
330  729  641  660
725  667  641  660
613  195  641  660
737  593  643  662
102  318  643  662
564  263  644  663
624  234  644  663
430  378  644  663
30  178  645  664
69  631  645  664
392  704  646  665
187  743  646  665
487  842  647  666
887  625  649  668
667  371  657  676
548  307  659  678
333  866  661  680
855  2  661  680
321  443  662  681
633  685  664  683
577  310  664  683
179  443  664  683
781  9  665  684
666  878  666  685
865  391  667  686
101  810  667  686
693  134  668  687
347  420  670  689
736  425  670  689
683  727  670  689
156  331  672  691
365  776  673  692
569  259  673  692
764  678  673  692
569  703  675  694
844  276  677  696
291  948  678  697
381  11  684  703
345  85  684  703
86  368  684  703
974  391  685  704
517  401  688  707
277  793  688  707
651  384  688  707
283  623  689  708
895  31  689  708
445  145  689  708
469  145  689  708
488  812  690  709
55  216  690  709
422  574  690  709
389  29  690  709
59  413  690  709
185  75  690  709
7  637  690  709
191  916  690  709
301  458  690  709
142  220  691  710
292  9  691  710
692  569  691  710
779  226  691  710
364  241  691  710
998  943  691  710
203  840  692  711
913  235  692  711
832  804  692  711
88  495  692  711
995  140  692  711
513  579  693  712
321  707  693  712
445  469  693  712
312  342  693  712
758  65  694  713
596  961  694  713
951  666  694  713
328  240  694  713
365  507  694  713
451  753  694  713
200  199  694  713
313  266  695  714
641  459  695  714
502  318  695  714
746  802  695  714
737  546  696  715
228  414  696  715
398  415  696  715
164  362  697  716
234  331  697  716
606  860  697  716
651  627  697  716
142  401  701  720
412  916  702  721
65  391  702  721
52  134  703  722
376  344  704  723
984  588  704  723
836  600  705  724
94  484  705  724
605  630  705  724
982  284  706  725
734  769  706  725
668  996  707  726
71  358  709  728
243  480  711  730
375  629  711  730
286  106  714  733
260  72  714  733
743  141  715  734
738  515  715  734
999  103  717  736
659  436  717  736
432  43  718  737
342  6  719  738
615  755  720  739
220  486  720  739
655  386  720  739
665  964  721  740
953  62  721  740
649  937  721  740
609  325  722  741
356  326  722  741
341  587  723  742
480  351  724  743
552  815  725  744
152  521  725  744
135  760  726  745
213  121  727  746
564  263  727  746
623  235  727  746
891  518  728  747
4  334  728  747
134  693  728  747
859  720  728  747
670  990  728  747
317  925  729  748
996  218  729  748
724  984  730  749
787  954  731  750
593  362  733  752
709  921  741  760
260  890  746  765
969  379  749  768
660  9  749  768
752  766  749  768
92  550  750  769
103  176  750  769
342  73  750  769
778  714  750  769
950  811  750  769
878  666  750  769
574  680  751  770
736  425  752  771
328  240  752  771
0  328  753  772
603  665  754  773
465  104  754  773
536  195  756  775
292  162  758  777
364  44  759  778
329  816  762  781
455  121  762  781
139  936  762  781
401  834  763  782
384  867  763  782
677  710  763  782
556  415  764  783
681  369  764  783
614  839  765  784
7  950  765  784
86  368  766  785
684  363  766  785
198  419  767  786
796  769  767  786
500  168  767  786
666  32  767  786
630  20  767  786
378  430  768  787
406  13  768  787
813  378  774  793
313  345  775  794
681  351  776  795
895  31  776  795
16  962  777  796
995  140  778  797
866  820  780  799
932  813  780  799
690  503  780  799
830  112  781  800
882  524  781  800
388  768  782  801
376  344  782  801
810  215  782  801
194  903  783  802
415  398  783  802
586  46  784  803
133  3  784  803
454  439  784  803
349  552  785  804
408  828  786  805
995  694  786  805
277  578  786  805
670  324  787  806
303  244  787  806
618  499  787  806
253  249  787  806
15  482  788  807
463  382  790  809
597  832  792  811
142  486  793  812
226  284  794  813
591  897  794  813
329  289  794  813
243  480  795  814
32  879  795  814
286  661  795  814
368  908  795  814
405  977  795  814
166  284  795  814
364  7  795  814
293  545  796  815
432  305  797  816
349  576  797  816
972  548  797  816
591  381  797  816
141  945  797  816
658  82  797  816
81  75  797  816
680  375  798  817
714  972  798  817
328  240  798  817
148  145  798  817
682  784  799  818
870  740  799  818
127  898  799  818
351  506  800  819
759  140  800  819
586  310  800  819
445  616  800  819
61  417  800  819
130  598  800  819
864  362  800  819
894  164  800  819
173  408  800  819
412  916  801  820
810  259  801  820
928  908  801  820
475  972  801  820
693  134  801  820
882  967  801  820
542  368  801  820
415  690  802  821
560  673  802  821
190  594  802  821
598  501  802  821
366  994  802  821
832  599  802  821
980  783  802  821
885  970  802  821
364  606  802  821
853  862  803  822
563  294  803  822
345  294  803  822
172  914  803  822
190  381  803  822
877  202  803  822
802  202  803  822
274  555  803  822
543  373  803  822
79  938  803  822
959  974  803  822
461  462  803  822
770  975  803  822
593  362  803  822
722  599  803  822
309  963  803  822
556  848  803  822
651  962  803  822
784  800  803  822
235  623  804  823
337  697  804  823
66  523  804  823
374  615  804  823
792  728  804  823
512  229  804  823
24  99  805  824
369  980  805  824
937  712  805  824
345  563  805  824
802  877  805  824
446  567  805  824
355  739  805  824
289  810  805  824
463  617  806  825
138  881  806  825
182  662  806  825
384  15  807  826
699  643  807  826
309  96  808  827
67  630  808  827
456  45  808  827
104  925  808  827
998  913  809  828
389  598  810  829
523  609  811  830
229  728  812  831
541  52  812  831
147  466  812  831
564  263  812  831
122  394  814  833
405  931  815  834
7  950  817  836
471  268  822  841
162  655  822  841
609  23  823  842
728  620  823  842
935  358  824  843
731  257  826  845
292  127  829  848
364  886  831  850
678  198  834  853
972  27  835  854
320  489  836  855
178  30  836  855
302  80  837  856
166  666  837  856
543  745  839  858
528  242  841  860
94  223  844  863
176  741  846  865
332  335  846  865
84  401  847  866
619  972  849  868
206  536  851  870
250  238  852  871
219  655  852  871
993  854  852  871
471  268  854  873
482  308  854  873
362  802  854  873
583  192  855  874
925  116  855  874
961  548  857  876
307  548  857  876
234  624  857  876
773  638  857  876
222  187  858  877
502  350  859  878
599  554  860  879
208  664  860  879
917  749  861  880
771  886  861  880
390  325  861  880
494  960  862  881
303  765  863  882
899  2  863  882
961  307  865  884
784  682  866  885
172  601  866  885
335  799  866  885
800  184  869  888
622  774  869  888
781  849  869  888
744  371  870  889
260  103  873  892
141  443  875  894
737  86  878  897
129  150  878  897
724  984  880  899
789  656  880  899
333  736  881  900
708  72  882  901
886  701  882  901
830  860  882  901
398  572  884  903
727  376  884  903
682  632  884  903
30  178  885  904
892  619  885  904
892  972  885  904
202  737  889  908
202  864  889  908
986  146  890  909
737  864  890  909
390  679  893  912
378  430  894  913
755  966  895  914
691  555  895  914
187  163  895  914
537  788  896  915
972  619  896  915
794  688  896  915
434  696  905  924
403  74  905  924
40  267  907  926
309  882  913  932
147  466  923  942
923  517  926  945
846  387  930  949
40  267  938  957
112  561  940  959
765  275  940  959
74  352  944  963
573  796  945  964
105  880  947  966
304  616  949  968
619  972  950  969
700  499  951  970
488  175  952  971
773  364  952  971
430  378  956  975
641  372  963  982
358  429  968  987
551  673  969  988
134  596  971  990
862  177  972  991
341  798  972  991
297  443  974  993
730  965  976  995
508  337  978  997
